INFO    : PreTeXt project found in `/workspaces/histoires`.
WARNING : Using CLI version 2.3.3 but project's `requirements.txt`
WARNING : is configured to use 2.3.0. Consider either installing
WARNING : CLI version 2.3.0 or running `pretext init --refresh`
WARNING : to update `requirements.txt` to match 2.3.3.
INFO    : Preparing to build into /workspaces/histoires/output/web.
INFO    : discovering source file's directory name: /workspaces/histoires/source
INFO    : verifying and expanding input directory: /workspaces/histoires/source/../generated-assets
INFO    : input directory expanded to absolute path: /workspaces/histoires/generated-assets
INFO    : verifying and expanding input directory: /workspaces/histoires/source/../assets
INFO    : input directory expanded to absolute path: /workspaces/histoires/assets
INFO    : Runestone Services (via PreTeXt repository): version 7.1.2
INFO    : Runestone Services (using newer, via online CDN query): version 7.2.8
INFO    : converting /workspaces/histoires/source/main.ptx to HTML in /tmp/tmp8d86n15x
INFO    : XSL conversion of /workspaces/histoires/source/main.ptx by /home/vscode/.ptx/xsl/pretext-html.xsl
INFO    : comprehensive messages, warnings, and errors:
INFO    :     * PTX:ERROR: the @xml:id value "carte-nichol" should be unique, but is authored 2 times.
INFO    :     *            Results will be unpredictable, and likely incorrect.  Information on the locations follows:
INFO    :     *              located within: "carte-nichol" (xml:id)
INFO    :     *              located within: "carte-nichol" (xml:id)
INFO    :     * PTX:ERROR: the @xml:id value "interactive-carte-nichol" should be unique, but is authored 2 times.
INFO    :     *            Results will be unpredictable, and likely incorrect.  Information on the locations follows:
INFO    :     *              located within: "interactive-carte-nichol" (xml:id)
INFO    :     *              located within: "interactive-carte-nichol" (xml:id)
INFO    : successful application of /home/vscode/.ptx/xsl/pretext-html.xsl
CRITICAL: ID carte-nichol already defined, line 143, column 38 (ch-rawdon.ptx, line 143)
INFO    : ------------------------
CRITICAL: Failed to build.  Exiting...
INFO    : While running pretext, the following errors occurred:

