WARNING : Using CLI version 2.12.0 but project's `requirements.txt`
WARNING : is configured to use 2.3.0. Consider either installing
WARNING : CLI version 2.3.0 or running `pretext update`
WARNING : to update `requirements.txt` and other managed files to match 2.12.0.
INFO    : Staging deployment according to strategy default_target
INFO    : Since no target was supplied, we will use "web".

INFO    : Staging latest build located in `/workspaces/histoires/output/web` at `/workspaces/histoires/output/stage`.
INFO    : 
INFO    : Preparing to deploy from active `main` git branch.
INFO    : 
INFO    : Changes to project source since last commit detected.
INFO    : Add/committing these changes to local Git repository.
INFO    : 
INFO    : Committing your latest build to the `gh-pages` branch.
INFO    : 
INFO    : Attempting to connect to remote repository at `https://github.com/javagiol/histoires`...
INFO    : 
INFO    : 
INFO    : Latest build successfully pushed to GitHub!
INFO    : 
INFO    : To enable GitHub Pages, visit
INFO    :     https://github.com/javagiol/histoires/settings/pages
INFO    : selecting the `gh-pages` branch with the `/ (root)` folder.
INFO    : 
INFO    : Visit
INFO    :     https://github.com/javagiol/histoires/actions/
INFO    : to check on the status of your GitHub Pages deployment.
INFO    : 
INFO    : Your built project will soon be available to the public at:
INFO    :     https://javagiol.github.io/histoires/
INFO    : 
